TN:
SF:src\router.ts
FN:23,(anonymous_0)
FN:36,(anonymous_1)
FNF:2
FNH:2
FNDA:3,(anonymous_0)
FNDA:5,(anonymous_1)
DA:1,2
DA:2,2
DA:3,2
DA:4,2
DA:6,2
DA:9,2
DA:10,2
DA:16,2
DA:23,3
DA:28,2
DA:36,5
DA:43,2
DA:49,2
DA:55,2
LF:14
LH:14
BRF:0
BRH:0
end_of_record
TN:
SF:src\server.ts
FN:9,conectDB
FN:36,(anonymous_2)
FNF:2
FNH:2
FNDA:3,conectDB
FNDA:1,(anonymous_2)
DA:1,2
DA:2,2
DA:3,2
DA:4,2
DA:9,2
DA:10,3
DA:15,3
DA:16,2
DA:18,1
DA:22,2
DA:28,2
DA:32,2
DA:34,2
DA:36,2
DA:37,1
DA:41,2
LF:16
LH:16
BRF:0
BRH:0
end_of_record
TN:
SF:src\config\db.ts
FNF:0
FNH:0
DA:1,2
DA:2,2
DA:5,2
DA:7,2
DA:12,2
LF:5
LH:5
BRF:0
BRH:0
end_of_record
TN:
SF:src\handlers\product.ts
FN:4,(anonymous_1)
FN:15,(anonymous_2)
FN:30,(anonymous_3)
FN:41,(anonymous_4)
FN:60,(anonymous_5)
FN:78,(anonymous_6)
FNF:6
FNH:6
FNDA:2,(anonymous_1)
FNDA:2,(anonymous_2)
FNDA:1,(anonymous_3)
FNDA:2,(anonymous_4)
FNDA:2,(anonymous_5)
FNDA:2,(anonymous_6)
DA:2,2
DA:4,2
DA:5,2
DA:13,2
DA:15,2
DA:17,2
DA:18,2
DA:20,2
DA:21,1
DA:24,1
DA:27,1
DA:30,2
DA:37,1
DA:38,1
DA:41,2
DA:43,2
DA:44,2
DA:46,2
DA:47,1
DA:50,1
DA:54,1
DA:55,1
DA:57,1
DA:60,2
DA:62,2
DA:63,2
DA:65,2
DA:66,1
DA:69,1
DA:73,1
DA:74,1
DA:75,1
DA:78,2
DA:80,2
DA:81,2
DA:83,2
DA:84,1
DA:87,1
DA:90,1
DA:91,1
LF:40
LH:40
BRDA:20,0,0,1
BRDA:46,1,0,1
BRDA:65,2,0,1
BRDA:83,3,0,1
BRF:4
BRH:4
end_of_record
TN:
SF:src\middleware\index.ts
FN:4,(anonymous_0)
FNF:1
FNH:1
FNDA:16,(anonymous_0)
DA:2,2
DA:4,2
DA:7,16
DA:8,16
DA:9,7
DA:10,7
DA:14,9
LF:7
LH:7
BRDA:8,0,0,7
BRF:1
BRH:1
end_of_record
TN:
SF:src\models\Product.model.ts
FNF:0
FNH:0
DA:1,3
DA:8,3
DA:12,3
DA:17,3
DA:25,3
DA:28,3
LF:6
LH:6
BRF:0
BRH:0
end_of_record
